ffmpeg started on 2023-02-28 at 16:11:02
Report written to "ffmpeg-20230228-161102.log"
Log level: 48
Command line:
ffmpeg -i http://antvlive.ab5c6921.cdnviet.com/antv/playlist.m3u8 -t 5 -f null -report -
ffmpeg version 5.1.2 Copyright (c) 2000-2022 the FFmpeg developers
  built with Apple clang version 14.0.0 (clang-1400.0.29.202)
  configuration: --prefix=/opt/homebrew/Cellar/ffmpeg/5.1.2_5 --enable-shared --enable-pthreads --enable-version3 --cc=clang --host-cflags= --host-ldflags= --enable-ffplay --enable-gnutls --enable-gpl --enable-libaom --enable-libaribb24 --enable-libbluray --enable-libdav1d --enable-libmp3lame --enable-libopus --enable-librav1e --enable-librist --enable-librubberband --enable-libsnappy --enable-libsrt --enable-libsvtav1 --enable-libtesseract --enable-libtheora --enable-libvidstab --enable-libvmaf --enable-libvorbis --enable-libvpx --enable-libwebp --enable-libx264 --enable-libx265 --enable-libxml2 --enable-libxvid --enable-lzma --enable-libfontconfig --enable-libfreetype --enable-frei0r --enable-libass --enable-libopencore-amrnb --enable-libopencore-amrwb --enable-libopenjpeg --enable-libspeex --enable-libsoxr --enable-libzmq --enable-libzimg --disable-libjack --disable-indev=jack --enable-videotoolbox --enable-neon
  libavutil      57. 28.100 / 57. 28.100
  libavcodec     59. 37.100 / 59. 37.100
  libavformat    59. 27.100 / 59. 27.100
  libavdevice    59.  7.100 / 59.  7.100
  libavfilter     8. 44.100 /  8. 44.100
  libswscale      6.  7.100 /  6.  7.100
  libswresample   4.  7.100 /  4.  7.100
  libpostproc    56.  6.100 / 56.  6.100
Splitting the commandline.
Reading option '-i' ... matched as input url with argument 'http://antvlive.ab5c6921.cdnviet.com/antv/playlist.m3u8'.
Reading option '-t' ... matched as option 't' (record or transcode "duration" seconds of audio/video) with argument '5'.
Reading option '-f' ... matched as option 'f' (force format) with argument 'null'.
Reading option '-report' ... matched as option 'report' (generate a report) with argument '1'.
Reading option '-' ... matched as output url.
Finished splitting the commandline.
Parsing a group of options: global .
Applying option report (generate a report) with argument 1.
Successfully parsed a group of options.
Parsing a group of options: input url http://antvlive.ab5c6921.cdnviet.com/antv/playlist.m3u8.
Successfully parsed a group of options.
Opening an input file: http://antvlive.ab5c6921.cdnviet.com/antv/playlist.m3u8.
[NULL @ 0x149604080] Opening 'http://antvlive.ab5c6921.cdnviet.com/antv/playlist.m3u8' for reading
[http @ 0x6000036c0000] Setting default whitelist 'http,https,tls,rtp,tcp,udp,crypto,httpproxy,data'
[tcp @ 0x6000035dd440] Original list of addresses:
[tcp @ 0x6000035dd440] Address 113.164.27.34 port 80
[tcp @ 0x6000035dd440] Interleaved list of addresses:
[tcp @ 0x6000035dd440] Address 113.164.27.34 port 80
[tcp @ 0x6000035dd440] Starting connection attempt to 113.164.27.34 port 80
[tcp @ 0x6000035dd440] Successfully connected to 113.164.27.34 port 80
[http @ 0x6000036c0000] request: GET /antv/playlist.m3u8 HTTP/1.1
User-Agent: Lavf/59.27.100
Accept: */*
Range: bytes=0-
Connection: close
Host: antvlive.ab5c6921.cdnviet.com
Icy-MetaData: 1


[hls @ 0x149604080] Format hls probed with size=2048 and score=100
[hls @ 0x149604080] Skip ('#EXT-X-VERSION:3')
[hls @ 0x149604080] Opening 'http://antvlive.ab5c6921.cdnviet.com/antv/chunklist.m3u8' for reading
[tcp @ 0x6000035d4000] Original list of addresses:
[tcp @ 0x6000035d4000] Address 113.164.27.34 port 80
[tcp @ 0x6000035d4000] Interleaved list of addresses:
[tcp @ 0x6000035d4000] Address 113.164.27.34 port 80
[tcp @ 0x6000035d4000] Starting connection attempt to 113.164.27.34 port 80
[tcp @ 0x6000035d4000] Successfully connected to 113.164.27.34 port 80
[http @ 0x6000036f8000] request: GET /antv/chunklist.m3u8 HTTP/1.1
User-Agent: Lavf/59.27.100
Accept: */*
Range: bytes=0-
Connection: keep-alive
Host: antvlive.ab5c6921.cdnviet.com
Icy-MetaData: 1


[hls @ 0x149604080] Skip ('#EXT-X-VERSION:3')
[hls @ 0x149604080] HLS request for url 'http://antvlive.ab5c6921.cdnviet.com/antv/media_211360.ts', offset 0, playlist 0
[hls @ 0x149604080] Opening 'http://antvlive.ab5c6921.cdnviet.com/antv/media_211360.ts' for reading
[tcp @ 0x6000035d8000] Original list of addresses:
[tcp @ 0x6000035d8000] Address 113.164.27.34 port 80
[tcp @ 0x6000035d8000] Interleaved list of addresses:
[tcp @ 0x6000035d8000] Address 113.164.27.34 port 80
[tcp @ 0x6000035d8000] Starting connection attempt to 113.164.27.34 port 80
[tcp @ 0x6000035d8000] Successfully connected to 113.164.27.34 port 80
[http @ 0x6000036f80a0] request: GET /antv/media_211360.ts HTTP/1.1
User-Agent: Lavf/59.27.100
Accept: */*
Range: bytes=0-
Connection: keep-alive
Host: antvlive.ab5c6921.cdnviet.com
Icy-MetaData: 1


[hls @ 0x149604080] HLS request for url 'http://antvlive.ab5c6921.cdnviet.com/antv/media_211361.ts', offset 0, playlist 0
[hls @ 0x149604080] Opening 'http://antvlive.ab5c6921.cdnviet.com/antv/media_211361.ts' for reading
[tcp @ 0x6000035d4090] Original list of addresses:
[tcp @ 0x6000035d4090] Address 113.164.27.34 port 80
[tcp @ 0x6000035d4090] Interleaved list of addresses:
[tcp @ 0x6000035d4090] Address 113.164.27.34 port 80
[tcp @ 0x6000035d4090] Starting connection attempt to 113.164.27.34 port 80
[tcp @ 0x6000035d4090] Successfully connected to 113.164.27.34 port 80
[http @ 0x6000036f8140] request: GET /antv/media_211361.ts HTTP/1.1
User-Agent: Lavf/59.27.100
Accept: */*
Range: bytes=0-
Connection: keep-alive
Host: antvlive.ab5c6921.cdnviet.com
Icy-MetaData: 1


Format mpegts probed with size=2048 and score=50
[mpegts @ 0x149704350] stream=0 stream_type=15 pid=102 prog_reg_desc=
[mpegts @ 0x149704350] stream=1 stream_type=1b pid=100 prog_reg_desc=
[mpegts @ 0x149704350] stream=2 stream_type=f pid=101 prog_reg_desc=
[hls @ 0x149604080] Before avformat_find_stream_info() pos: 126 bytes read:126 seeks:0 nb_streams:3
[mpegts @ 0x149704350] All programs have pmt, headers found
[mpegts @ 0x149704350] probing stream 2 pp:2500
[mpegts @ 0x149704350] Probe with size=1026, packets=1 detected aac with score=51
[mpegts @ 0x149704350] probed stream 2
[NULL @ 0x14a805ca0] ct_type:0 pic_struct:0
[extract_extradata @ 0x6000024d0500] nal_unit_type: 9(AUD), nal_ref_idc: 0
[extract_extradata @ 0x6000024d0500] nal_unit_type: 7(SPS), nal_ref_idc: 1
[extract_extradata @ 0x6000024d0500] nal_unit_type: 8(PPS), nal_ref_idc: 1
[extract_extradata @ 0x6000024d0500] nal_unit_type: 6(SEI), nal_ref_idc: 0
[extract_extradata @ 0x6000024d0500] nal_unit_type: 6(SEI), nal_ref_idc: 0
[extract_extradata @ 0x6000024d0500] nal_unit_type: 5(IDR), nal_ref_idc: 1
[h264 @ 0x14a807330] nal_unit_type: 9(AUD), nal_ref_idc: 0
[h264 @ 0x14a807330] nal_unit_type: 7(SPS), nal_ref_idc: 1
[h264 @ 0x14a807330] nal_unit_type: 8(PPS), nal_ref_idc: 1
[h264 @ 0x14a807330] nal_unit_type: 6(SEI), nal_ref_idc: 0
[h264 @ 0x14a807330] nal_unit_type: 6(SEI), nal_ref_idc: 0
[h264 @ 0x14a807330] nal_unit_type: 5(IDR), nal_ref_idc: 1
[h264 @ 0x14a807330] Format yuv420p chosen by get_format().
[h264 @ 0x14a807330] Reinit context to 720x576, pix_fmt: yuv420p
[h264 @ 0x14a807330] ct_type:0 pic_struct:0
[h264 @ 0x14a807330] no picture 
[NULL @ 0x14a805ca0] ct_type:0 pic_struct:0
[NULL @ 0x14a805ca0] ct_type:0 pic_struct:0
[NULL @ 0x14a805ca0] ct_type:0 pic_struct:0
[NULL @ 0x14a805ca0] ct_type:0 pic_struct:0
[NULL @ 0x14a805ca0] ct_type:0 pic_struct:0
[NULL @ 0x14a805ca0] ct_type:0 pic_struct:0
[NULL @ 0x14a805ca0] ct_type:0 pic_struct:0
[NULL @ 0x14a805ca0] ct_type:0 pic_struct:0
[NULL @ 0x14a805ca0] ct_type:0 pic_struct:0
[NULL @ 0x14a805ca0] ct_type:0 pic_struct:0
[NULL @ 0x14a805ca0] ct_type:0 pic_struct:0
[NULL @ 0x14a805ca0] ct_type:0 pic_struct:0
[NULL @ 0x14a805ca0] ct_type:0 pic_struct:0
[NULL @ 0x14a805ca0] ct_type:0 pic_struct:0
[NULL @ 0x14a805ca0] ct_type:0 pic_struct:0
[NULL @ 0x14a805ca0] ct_type:0 pic_struct:0
[NULL @ 0x14a805ca0] ct_type:0 pic_struct:0
[NULL @ 0x14a805ca0] ct_type:0 pic_struct:0
[NULL @ 0x14a805ca0] ct_type:0 pic_struct:0
[NULL @ 0x14a805ca0] ct_type:0 pic_struct:0
[hls @ 0x149604080] All info found
[hls @ 0x149604080] After avformat_find_stream_info() pos: 126 bytes read:126 seeks:0 frames:57
Input #0, hls, from 'http://antvlive.ab5c6921.cdnviet.com/antv/playlist.m3u8':
  Duration: N/A, start: 41060.872000, bitrate: N/A
  Program 0 
    Metadata:
      variant_bitrate : 1264864
  Stream #0:0, 0, 1/90000: Data: timed_id3 (ID3  / 0x20334449)
    Metadata:
      variant_bitrate : 1264864
  Stream #0:1, 21, 1/90000: Video: h264 (Main) ([27][0][0][0] / 0x001B), yuv420p, 720x576 [SAR 16:11 DAR 20:11], 25 fps, 25 tbr, 90k tbn
    Metadata:
      variant_bitrate : 1264864
  Stream #0:2, 36, 1/90000: Audio: aac (LC) ([15][0][0][0] / 0x000F), 44100 Hz, stereo, fltp
    Metadata:
      variant_bitrate : 1264864
Successfully opened the file.
Parsing a group of options: output url -.
Applying option t (record or transcode "duration" seconds of audio/video) with argument 5.
Applying option f (force format) with argument null.
Successfully parsed a group of options.
Opening an output file: -.
Successfully opened the file.
detected 10 logical cores
[h264 @ 0x12960c0f0] nal_unit_type: 7(SPS), nal_ref_idc: 1
[h264 @ 0x12960c0f0] nal_unit_type: 8(PPS), nal_ref_idc: 1
Stream mapping:
  Stream #0:1 -> #0:0 (h264 (native) -> wrapped_avframe (native))
  Stream #0:2 -> #0:1 (aac (native) -> pcm_s16le (native))
Press [q] to stop, [?] for help
cur_dts is invalid st:0 (0) [init:0 i_done:0 finish:0] (this is harmless if it occurs once at the start per stream)
[graph_1_in_0_2 @ 0x6000030d06e0] Setting 'time_base' to value '1/44100'
[graph_1_in_0_2 @ 0x6000030d06e0] Setting 'sample_rate' to value '44100'
[graph_1_in_0_2 @ 0x6000030d06e0] Setting 'sample_fmt' to value 'fltp'
[graph_1_in_0_2 @ 0x6000030d06e0] Setting 'channel_layout' to value 'stereo'
[graph_1_in_0_2 @ 0x6000030d06e0] tb:1/44100 samplefmt:fltp samplerate:44100 chlayout:stereo
[format_out_0_1 @ 0x6000030d0840] Setting 'sample_fmts' to value 's16'
[format_out_0_1 @ 0x6000030d0840] auto-inserting filter 'auto_aresample_0' between the filter 'Parsed_anull_0' and the filter 'format_out_0_1'
[AVFilterGraph @ 0x6000023d06c0] query_formats: 5 queried, 9 merged, 3 already done, 0 delayed
[auto_aresample_0 @ 0x6000030d09a0] [SWR @ 0x138a70000] Using fltp internally between filters
[auto_aresample_0 @ 0x6000030d09a0] ch:2 chl:stereo fmt:fltp r:44100Hz -> ch:2 chl:stereo fmt:s16 r:44100Hz
cur_dts is invalid st:0 (0) [init:0 i_done:0 finish:0] (this is harmless if it occurs once at the start per stream)
cur_dts is invalid st:0 (0) [init:0 i_done:0 finish:0] (this is harmless if it occurs once at the start per stream)
cur_dts is invalid st:0 (0) [init:0 i_done:0 finish:0] (this is harmless if it occurs once at the start per stream)
cur_dts is invalid st:0 (0) [init:0 i_done:0 finish:0] (this is harmless if it occurs once at the start per stream)
[h264 @ 0x12960c0f0] nal_unit_type: 9(AUD), nal_ref_idc: 0
[h264 @ 0x12960c0f0] nal_unit_type: 7(SPS), nal_ref_idc: 1
[h264 @ 0x12960c0f0] nal_unit_type: 8(PPS), nal_ref_idc: 1
[h264 @ 0x12960c0f0] nal_unit_type: 6(SEI), nal_ref_idc: 0
[h264 @ 0x12960c0f0] nal_unit_type: 6(SEI), nal_ref_idc: 0
[h264 @ 0x12960c0f0] nal_unit_type: 5(IDR), nal_ref_idc: 1
[h264 @ 0x12960c0f0] Format yuv420p chosen by get_format().
[h264 @ 0x12960c0f0] Reinit context to 720x576, pix_fmt: yuv420p
[h264 @ 0x12960c0f0] ct_type:0 pic_struct:0
[h264 @ 0x12960c0f0] no picture 
cur_dts is invalid st:0 (0) [init:0 i_done:0 finish:0] (this is harmless if it occurs once at the start per stream)
cur_dts is invalid st:0 (0) [init:0 i_done:0 finish:0] (this is harmless if it occurs once at the start per stream)
cur_dts is invalid st:0 (0) [init:0 i_done:0 finish:0] (this is harmless if it occurs once at the start per stream)
cur_dts is invalid st:0 (0) [init:0 i_done:0 finish:0] (this is harmless if it occurs once at the start per stream)
[h264 @ 0x129615500] nal_unit_type: 9(AUD), nal_ref_idc: 0
[h264 @ 0x129615500] nal_unit_type: 6(SEI), nal_ref_idc: 0
[h264 @ 0x129615500] nal_unit_type: 1(Coded slice of a non-IDR picture), nal_ref_idc: 1
[h264 @ 0x129615500] ct_type:0 pic_struct:0
cur_dts is invalid st:0 (0) [init:0 i_done:0 finish:0] (this is harmless if it occurs once at the start per stream)
[h264 @ 0x12961e910] nal_unit_type: 9(AUD), nal_ref_idc: 0
[h264 @ 0x12961e910] nal_unit_type: 6(SEI), nal_ref_idc: 0
[h264 @ 0x12961e910] nal_unit_type: 1(Coded slice of a non-IDR picture), nal_ref_idc: 0
[h264 @ 0x12961e910] ct_type:0 pic_struct:0
cur_dts is invalid st:0 (0) [init:0 i_done:0 finish:0] (this is harmless if it occurs once at the start per stream)
cur_dts is invalid st:0 (0) [init:0 i_done:0 finish:0] (this is harmless if it occurs once at the start per stream)
cur_dts is invalid st:0 (0) [init:0 i_done:0 finish:0] (this is harmless if it occurs once at the start per stream)
cur_dts is invalid st:0 (0) [init:0 i_done:0 finish:0] (this is harmless if it occurs once at the start per stream)
[h264 @ 0x129627d20] nal_unit_type: 9(AUD), nal_ref_idc: 0
[h264 @ 0x129627d20] nal_unit_type: 6(SEI), nal_ref_idc: 0
[h264 @ 0x129627d20] nal_unit_type: 1(Coded slice of a non-IDR picture), nal_ref_idc: 0
[h264 @ 0x129627d20] ct_type:0 pic_struct:0
cur_dts is invalid st:0 (0) [init:0 i_done:0 finish:0] (this is harmless if it occurs once at the start per stream)
[h264 @ 0x129631130] nal_unit_type: 9(AUD), nal_ref_idc: 0
[h264 @ 0x129631130] nal_unit_type: 6(SEI), nal_ref_idc: 0
[h264 @ 0x129631130] nal_unit_type: 1(Coded slice of a non-IDR picture), nal_ref_idc: 1
[h264 @ 0x129631130] ct_type:0 pic_struct:0
cur_dts is invalid st:0 (0) [init:0 i_done:0 finish:0] (this is harmless if it occurs once at the start per stream)
cur_dts is invalid st:0 (0) [init:0 i_done:0 finish:0] (this is harmless if it occurs once at the start per stream)
[h264 @ 0x12963a540] nal_unit_type: 9(AUD), nal_ref_idc: 0
[h264 @ 0x12963a540] nal_unit_type: 6(SEI), nal_ref_idc: 0
[h264 @ 0x12963a540] nal_unit_type: 1(Coded slice of a non-IDR picture), nal_ref_idc: 0
cur_dts is invalid st:0 (0) [init:0 i_done:0 finish:0] (this is harmless if it occurs once at the start per stream)
cur_dts is invalid st:0 (0) [init:0 i_done:0 finish:0] (this is harmless if it occurs once at the start per stream)
[h264 @ 0x12963a540] ct_type:0 pic_struct:0
cur_dts is invalid st:0 (0) [init:0 i_done:0 finish:0] (this is harmless if it occurs once at the start per stream)
cur_dts is invalid st:0 (0) [init:0 i_done:0 finish:0] (this is harmless if it occurs once at the start per stream)
[h264 @ 0x129643950] nal_unit_type: 9(AUD), nal_ref_idc: 0
[h264 @ 0x129643950] nal_unit_type: 6(SEI), nal_ref_idc: 0
cur_dts is invalid st:0 (0) [init:0 i_done:0 finish:0] (this is harmless if it occurs once at the start per stream)
[h264 @ 0x129643950] nal_unit_type: 1(Coded slice of a non-IDR picture), nal_ref_idc: 0
cur_dts is invalid st:0 (0) [init:0 i_done:0 finish:0] (this is harmless if it occurs once at the start per stream)
[h264 @ 0x129643950] ct_type:0 pic_struct:0
cur_dts is invalid st:0 (0) [init:0 i_done:0 finish:0] (this is harmless if it occurs once at the start per stream)
[h264 @ 0x12964cd60] nal_unit_type: 9(AUD), nal_ref_idc: 0
[h264 @ 0x12964cd60] nal_unit_type: 6(SEI), nal_ref_idc: 0
[h264 @ 0x12964cd60] nal_unit_type: 1(Coded slice of a non-IDR picture), nal_ref_idc: 1
[h264 @ 0x12964cd60] ct_type:0 pic_struct:0
cur_dts is invalid st:0 (0) [init:0 i_done:0 finish:0] (this is harmless if it occurs once at the start per stream)
cur_dts is invalid st:0 (0) [init:0 i_done:0 finish:0] (this is harmless if it occurs once at the start per stream)
cur_dts is invalid st:0 (0) [init:0 i_done:0 finish:0] (this is harmless if it occurs once at the start per stream)
cur_dts is invalid st:0 (0) [init:0 i_done:0 finish:0] (this is harmless if it occurs once at the start per stream)
[h264 @ 0x129656170] nal_unit_type: 9(AUD), nal_ref_idc: 0
[h264 @ 0x129656170] nal_unit_type: 6(SEI), nal_ref_idc: 0
[h264 @ 0x129656170] nal_unit_type: 1(Coded slice of a non-IDR picture), nal_ref_idc: 0
[h264 @ 0x129656170] ct_type:0 pic_struct:0
cur_dts is invalid st:0 (0) [init:0 i_done:0 finish:0] (this is harmless if it occurs once at the start per stream)
[h264 @ 0x12965f580] nal_unit_type: 9(AUD), nal_ref_idc: 0
[h264 @ 0x12965f580] nal_unit_type: 6(SEI), nal_ref_idc: 0
[h264 @ 0x12965f580] nal_unit_type: 1(Coded slice of a non-IDR picture), nal_ref_idc: 0
[h264 @ 0x12965f580] ct_type:0 pic_struct:0
[h264 @ 0x129668990] nal_unit_type: 9(AUD), nal_ref_idc: 0
[h264 @ 0x129668990] nal_unit_type: 6(SEI), nal_ref_idc: 0
[h264 @ 0x129668990] nal_unit_type: 1(Coded slice of a non-IDR picture), nal_ref_idc: 1
[h264 @ 0x129668990] ct_type:0 pic_struct:0
cur_dts is invalid st:0 (0) [init:0 i_done:0 finish:0] (this is harmless if it occurs once at the start per stream)
cur_dts is invalid st:0 (0) [init:0 i_done:0 finish:0] (this is harmless if it occurs once at the start per stream)
cur_dts is invalid st:0 (0) [init:0 i_done:0 finish:0] (this is harmless if it occurs once at the start per stream)
cur_dts is invalid st:0 (0) [init:0 i_done:0 finish:0] (this is harmless if it occurs once at the start per stream)
[h264 @ 0x12960c0f0] nal_unit_type: 9(AUD), nal_ref_idc: 0
[h264 @ 0x12960c0f0] nal_unit_type: 6(SEI), nal_ref_idc: 0
[h264 @ 0x12960c0f0] nal_unit_type: 1(Coded slice of a non-IDR picture), nal_ref_idc: 0
[h264 @ 0x12960c0f0] ct_type:0 pic_struct:0
[graph 0 input from stream 0:1 @ 0x6000030dcb00] Setting 'video_size' to value '720x576'
[graph 0 input from stream 0:1 @ 0x6000030dcb00] Setting 'pix_fmt' to value '0'
[graph 0 input from stream 0:1 @ 0x6000030dcb00] Setting 'time_base' to value '1/90000'
[graph 0 input from stream 0:1 @ 0x6000030dcb00] Setting 'pixel_aspect' to value '16/11'
[graph 0 input from stream 0:1 @ 0x6000030dcb00] Setting 'frame_rate' to value '25/1'
[graph 0 input from stream 0:1 @ 0x6000030dcb00] w:720 h:576 pixfmt:yuv420p tb:1/90000 fr:25/1 sar:16/11
[AVFilterGraph @ 0x6000023d4060] query_formats: 4 queried, 3 merged, 0 already done, 0 delayed
Output #0, null, to 'pipe:':
  Metadata:
    encoder         : Lavf59.27.100
  Stream #0:0, 0, 1/25: Video: wrapped_avframe, yuv420p(progressive), 720x576 [SAR 16:11 DAR 20:11], q=2-31, 200 kb/s, 25 fps, 25 tbn
    Metadata:
      variant_bitrate : 1264864
      encoder         : Lavc59.37.100 wrapped_avframe
  Stream #0:1, 0, 1/44100: Audio: pcm_s16le, 44100 Hz, stereo, s16, 1411 kb/s
    Metadata:
      variant_bitrate : 1264864
      encoder         : Lavc59.37.100 pcm_s16le
frame=    1 fps=0.0 q=-0.0 size=N/A time=00:00:00.48 bitrate=N/A speed=58.9x    [h264 @ 0x129615500] nal_unit_type: 9(AUD), nal_ref_idc: 0
[h264 @ 0x129615500] nal_unit_type: 6(SEI), nal_ref_idc: 0
[h264 @ 0x129615500] nal_unit_type: 1(Coded slice of a non-IDR picture), nal_ref_idc: 0
[h264 @ 0x129615500] ct_type:0 pic_struct:0
[h264 @ 0x12961e910] nal_unit_type: 9(AUD), nal_ref_idc: 0
[h264 @ 0x12961e910] nal_unit_type: 6(SEI), nal_ref_idc: 0
[h264 @ 0x12961e910] nal_unit_type: 1(Coded slice of a non-IDR picture), nal_ref_idc: 1
[h264 @ 0x12961e910] ct_type:0 pic_struct:0
[h264 @ 0x129627d20] nal_unit_type: 9(AUD), nal_ref_idc: 0
[h264 @ 0x129627d20] nal_unit_type: 6(SEI), nal_ref_idc: 0
[h264 @ 0x129627d20] nal_unit_type: 1(Coded slice of a non-IDR picture), nal_ref_idc: 0
[h264 @ 0x129627d20] ct_type:0 pic_struct:0
[h264 @ 0x129631130] nal_unit_type: 9(AUD), nal_ref_idc: 0
[h264 @ 0x129631130] nal_unit_type: 6(SEI), nal_ref_idc: 0
[h264 @ 0x129631130] nal_unit_type: 1(Coded slice of a non-IDR picture), nal_ref_idc: 0
[h264 @ 0x129631130] ct_type:0 pic_struct:0
[h264 @ 0x12963a540] nal_unit_type: 9(AUD), nal_ref_idc: 0
[h264 @ 0x12963a540] nal_unit_type: 6(SEI), nal_ref_idc: 0
[h264 @ 0x12963a540] nal_unit_type: 1(Coded slice of a non-IDR picture), nal_ref_idc: 1
[h264 @ 0x12963a540] ct_type:0 pic_struct:0
[h264 @ 0x129643950] nal_unit_type: 9(AUD), nal_ref_idc: 0
[h264 @ 0x129643950] nal_unit_type: 6(SEI), nal_ref_idc: 0
[h264 @ 0x129643950] nal_unit_type: 1(Coded slice of a non-IDR picture), nal_ref_idc: 0
[h264 @ 0x129643950] ct_type:0 pic_struct:0
[h264 @ 0x12964cd60] nal_unit_type: 9(AUD), nal_ref_idc: 0
[h264 @ 0x12964cd60] nal_unit_type: 6(SEI), nal_ref_idc: 0
[h264 @ 0x12964cd60] nal_unit_type: 1(Coded slice of a non-IDR picture), nal_ref_idc: 0
[h264 @ 0x12964cd60] ct_type:0 pic_struct:0
[h264 @ 0x129656170] nal_unit_type: 9(AUD), nal_ref_idc: 0
[h264 @ 0x129656170] nal_unit_type: 6(SEI), nal_ref_idc: 0
[h264 @ 0x129656170] nal_unit_type: 1(Coded slice of a non-IDR picture), nal_ref_idc: 1
[h264 @ 0x129656170] ct_type:0 pic_struct:0
[h264 @ 0x12965f580] nal_unit_type: 9(AUD), nal_ref_idc: 0
[h264 @ 0x12965f580] nal_unit_type: 6(SEI), nal_ref_idc: 0
[h264 @ 0x12965f580] nal_unit_type: 1(Coded slice of a non-IDR picture), nal_ref_idc: 0
[h264 @ 0x12965f580] ct_type:0 pic_struct:0
[NULL @ 0x14a805ca0] ct_type:0 pic_struct:0
[NULL @ 0x14a805ca0] ct_type:0 pic_struct:0
[h264 @ 0x129668990] nal_unit_type: 9(AUD), nal_ref_idc: 0
[h264 @ 0x129668990] nal_unit_type: 6(SEI), nal_ref_idc: 0
[h264 @ 0x129668990] nal_unit_type: 1(Coded slice of a non-IDR picture), nal_ref_idc: 0
[h264 @ 0x129668990] ct_type:0 pic_struct:0
[h264 @ 0x12960c0f0] nal_unit_type: 9(AUD), nal_ref_idc: 0
[h264 @ 0x12960c0f0] nal_unit_type: 6(SEI), nal_ref_idc: 0
[h264 @ 0x12960c0f0] nal_unit_type: 1(Coded slice of a non-IDR picture), nal_ref_idc: 1
[h264 @ 0x12960c0f0] ct_type:0 pic_struct:0
[NULL @ 0x14a805ca0] ct_type:0 pic_struct:0
[NULL @ 0x14a805ca0] ct_type:0 pic_struct:0
[h264 @ 0x129615500] nal_unit_type: 9(AUD), nal_ref_idc: 0
[h264 @ 0x129615500] nal_unit_type: 6(SEI), nal_ref_idc: 0
[h264 @ 0x129615500] nal_unit_type: 1(Coded slice of a non-IDR picture), nal_ref_idc: 0
[h264 @ 0x129615500] ct_type:0 pic_struct:0
[h264 @ 0x12961e910] nal_unit_type: 9(AUD), nal_ref_idc: 0
[h264 @ 0x12961e910] nal_unit_type: 6(SEI), nal_ref_idc: 0
[h264 @ 0x12961e910] nal_unit_type: 1(Coded slice of a non-IDR picture), nal_ref_idc: 0
[h264 @ 0x12961e910] ct_type:0 pic_struct:0
[NULL @ 0x14a805ca0] ct_type:0 pic_struct:0
[h264 @ 0x129627d20] nal_unit_type: 9(AUD), nal_ref_idc: 0
[NULL @ 0x14a805ca0] ct_type:0 pic_struct:0
[h264 @ 0x129627d20] nal_unit_type: 6(SEI), nal_ref_idc: 0
[h264 @ 0x129627d20] nal_unit_type: 1(Coded slice of a non-IDR picture), nal_ref_idc: 1
[h264 @ 0x129627d20] ct_type:0 pic_struct:0
[h264 @ 0x129631130] nal_unit_type: 9(AUD), nal_ref_idc: 0
[h264 @ 0x129631130] nal_unit_type: 6(SEI), nal_ref_idc: 0
[h264 @ 0x129631130] nal_unit_type: 1(Coded slice of a non-IDR picture), nal_ref_idc: 0
[h264 @ 0x129631130] ct_type:0 pic_struct:0
[NULL @ 0x14a805ca0] ct_type:0 pic_struct:0
[h264 @ 0x12963a540] nal_unit_type: 9(AUD), nal_ref_idc: 0
[h264 @ 0x12963a540] nal_unit_type: 6(SEI), nal_ref_idc: 0
[h264 @ 0x12963a540] nal_unit_type: 1(Coded slice of a non-IDR picture), nal_ref_idc: 0
[NULL @ 0x14a805ca0] ct_type:0 pic_struct:0
[h264 @ 0x12963a540] ct_type:0 pic_struct:0
[h264 @ 0x129643950] nal_unit_type: 9(AUD), nal_ref_idc: 0
[h264 @ 0x129643950] nal_unit_type: 6(SEI), nal_ref_idc: 0
[NULL @ 0x14a805ca0] ct_type:0 pic_struct:0
[h264 @ 0x129643950] nal_unit_type: 1(Coded slice of a non-IDR picture), nal_ref_idc: 1
[h264 @ 0x129643950] ct_type:0 pic_struct:0
[h264 @ 0x12964cd60] nal_unit_type: 9(AUD), nal_ref_idc: 0
[h264 @ 0x12964cd60] nal_unit_type: 6(SEI), nal_ref_idc: 0
[h264 @ 0x12964cd60] nal_unit_type: 1(Coded slice of a non-IDR picture), nal_ref_idc: 0
[h264 @ 0x12964cd60] ct_type:0 pic_struct:0
[NULL @ 0x14a805ca0] ct_type:0 pic_struct:0
[NULL @ 0x14a805ca0] ct_type:0 pic_struct:0
[h264 @ 0x129656170] nal_unit_type: 9(AUD), nal_ref_idc: 0
[h264 @ 0x129656170] nal_unit_type: 6(SEI), nal_ref_idc: 0
[h264 @ 0x129656170] nal_unit_type: 1(Coded slice of a non-IDR picture), nal_ref_idc: 0
[h264 @ 0x129656170] ct_type:0 pic_struct:0
[h264 @ 0x12965f580] nal_unit_type: 9(AUD), nal_ref_idc: 0
[h264 @ 0x12965f580] nal_unit_type: 6(SEI), nal_ref_idc: 0
[h264 @ 0x12965f580] nal_unit_type: 1(Coded slice of a non-IDR picture), nal_ref_idc: 1
[h264 @ 0x12965f580] ct_type:0 pic_struct:0
[NULL @ 0x14a805ca0] ct_type:0 pic_struct:0
[NULL @ 0x14a805ca0] ct_type:0 pic_struct:0
[h264 @ 0x129668990] nal_unit_type: 9(AUD), nal_ref_idc: 0
[h264 @ 0x129668990] nal_unit_type: 6(SEI), nal_ref_idc: 0
[h264 @ 0x129668990] nal_unit_type: 1(Coded slice of a non-IDR picture), nal_ref_idc: 0
[h264 @ 0x129668990] ct_type:0 pic_struct:0
[h264 @ 0x12960c0f0] nal_unit_type: 9(AUD), nal_ref_idc: 0
[h264 @ 0x12960c0f0] nal_unit_type: 6(SEI), nal_ref_idc: 0
[h264 @ 0x12960c0f0] nal_unit_type: 1(Coded slice of a non-IDR picture), nal_ref_idc: 0
[h264 @ 0x12960c0f0] ct_type:0 pic_struct:0
[NULL @ 0x14a805ca0] ct_type:0 pic_struct:0
[h264 @ 0x129615500] nal_unit_type: 9(AUD), nal_ref_idc: 0
[h264 @ 0x129615500] nal_unit_type: 6(SEI), nal_ref_idc: 0
[h264 @ 0x129615500] nal_unit_type: 1(Coded slice of a non-IDR picture), nal_ref_idc: 1
[h264 @ 0x129615500] ct_type:0 pic_struct:0
[NULL @ 0x14a805ca0] ct_type:0 pic_struct:0
[NULL @ 0x14a805ca0] ct_type:0 pic_struct:0
[h264 @ 0x12961e910] nal_unit_type: 9(AUD), nal_ref_idc: 0
[h264 @ 0x12961e910] nal_unit_type: 6(SEI), nal_ref_idc: 0
[h264 @ 0x12961e910] nal_unit_type: 1(Coded slice of a non-IDR picture), nal_ref_idc: 0
[h264 @ 0x12961e910] ct_type:0 pic_struct:0
[h264 @ 0x129627d20] nal_unit_type: 9(AUD), nal_ref_idc: 0
[h264 @ 0x129627d20] nal_unit_type: 6(SEI), nal_ref_idc: 0
[h264 @ 0x129627d20] nal_unit_type: 1(Coded slice of a non-IDR picture), nal_ref_idc: 0
[NULL @ 0x14a805ca0] ct_type:0 pic_struct:0
[h264 @ 0x129627d20] ct_type:0 pic_struct:0
[NULL @ 0x14a805ca0] ct_type:0 pic_struct:0
[h264 @ 0x129631130] nal_unit_type: 9(AUD), nal_ref_idc: 0
[h264 @ 0x129631130] nal_unit_type: 6(SEI), nal_ref_idc: 0
[h264 @ 0x129631130] nal_unit_type: 1(Coded slice of a non-IDR picture), nal_ref_idc: 1
[h264 @ 0x129631130] ct_type:0 pic_struct:0
[h264 @ 0x12963a540] nal_unit_type: 9(AUD), nal_ref_idc: 0
[h264 @ 0x12963a540] nal_unit_type: 6(SEI), nal_ref_idc: 0
[h264 @ 0x12963a540] nal_unit_type: 1(Coded slice of a non-IDR picture), nal_ref_idc: 0
[h264 @ 0x12963a540] ct_type:0 pic_struct:0
[NULL @ 0x14a805ca0] ct_type:0 pic_struct:0
[NULL @ 0x14a805ca0] ct_type:0 pic_struct:0
[h264 @ 0x129643950] nal_unit_type: 9(AUD), nal_ref_idc: 0
[h264 @ 0x129643950] nal_unit_type: 6(SEI), nal_ref_idc: 0
[h264 @ 0x129643950] nal_unit_type: 1(Coded slice of a non-IDR picture), nal_ref_idc: 0
[h264 @ 0x129643950] ct_type:0 pic_struct:0
[h264 @ 0x12964cd60] nal_unit_type: 9(AUD), nal_ref_idc: 0
[h264 @ 0x12964cd60] nal_unit_type: 6(SEI), nal_ref_idc: 0
[h264 @ 0x12964cd60] nal_unit_type: 1(Coded slice of a non-IDR picture), nal_ref_idc: 1
[NULL @ 0x14a805ca0] ct_type:0 pic_struct:0
[h264 @ 0x12964cd60] ct_type:0 pic_struct:0
[h264 @ 0x129656170] nal_unit_type: 9(AUD), nal_ref_idc: 0
[h264 @ 0x129656170] nal_unit_type: 6(SEI), nal_ref_idc: 0
[h264 @ 0x129656170] nal_unit_type: 1(Coded slice of a non-IDR picture), nal_ref_idc: 0
[h264 @ 0x129656170] ct_type:0 pic_struct:0
[NULL @ 0x14a805ca0] ct_type:0 pic_struct:0
[NULL @ 0x14a805ca0] ct_type:0 pic_struct:0
[h264 @ 0x12965f580] nal_unit_type: 9(AUD), nal_ref_idc: 0
[h264 @ 0x12965f580] nal_unit_type: 6(SEI), nal_ref_idc: 0
[h264 @ 0x12965f580] nal_unit_type: 1(Coded slice of a non-IDR picture), nal_ref_idc: 0
[h264 @ 0x12965f580] ct_type:0 pic_struct:0
[h264 @ 0x129668990] nal_unit_type: 9(AUD), nal_ref_idc: 0
[h264 @ 0x129668990] nal_unit_type: 6(SEI), nal_ref_idc: 0
[h264 @ 0x129668990] nal_unit_type: 1(Coded slice of a non-IDR picture), nal_ref_idc: 1
[h264 @ 0x129668990] ct_type:0 pic_struct:0
[NULL @ 0x14a805ca0] ct_type:0 pic_struct:0
[h264 @ 0x12960c0f0] nal_unit_type: 9(AUD), nal_ref_idc: 0
[h264 @ 0x12960c0f0] nal_unit_type: 6(SEI), nal_ref_idc: 0
[h264 @ 0x12960c0f0] nal_unit_type: 1(Coded slice of a non-IDR picture), nal_ref_idc: 0
[h264 @ 0x12960c0f0] ct_type:0 pic_struct:0
[NULL @ 0x14a805ca0] ct_type:0 pic_struct:0
[h264 @ 0x129615500] nal_unit_type: 9(AUD), nal_ref_idc: 0
[h264 @ 0x129615500] nal_unit_type: 6(SEI), nal_ref_idc: 0
[h264 @ 0x129615500] nal_unit_type: 1(Coded slice of a non-IDR picture), nal_ref_idc: 0
[h264 @ 0x129615500] ct_type:0 pic_struct:0
[NULL @ 0x14a805ca0] ct_type:0 pic_struct:0
[h264 @ 0x12961e910] nal_unit_type: 9(AUD), nal_ref_idc: 0
[h264 @ 0x12961e910] nal_unit_type: 6(SEI), nal_ref_idc: 0
[h264 @ 0x12961e910] nal_unit_type: 1(Coded slice of a non-IDR picture), nal_ref_idc: 1
[h264 @ 0x12961e910] ct_type:0 pic_struct:0
[NULL @ 0x14a805ca0] ct_type:0 pic_struct:0
[h264 @ 0x129627d20] nal_unit_type: 9(AUD), nal_ref_idc: 0
[h264 @ 0x129627d20] nal_unit_type: 6(SEI), nal_ref_idc: 0
[h264 @ 0x129627d20] nal_unit_type: 1(Coded slice of a non-IDR picture), nal_ref_idc: 0
[h264 @ 0x129627d20] ct_type:0 pic_struct:0
[NULL @ 0x14a805ca0] ct_type:0 pic_struct:0
[h264 @ 0x129631130] nal_unit_type: 9(AUD), nal_ref_idc: 0
[h264 @ 0x129631130] nal_unit_type: 6(SEI), nal_ref_idc: 0
[h264 @ 0x129631130] nal_unit_type: 1(Coded slice of a non-IDR picture), nal_ref_idc: 0
[h264 @ 0x129631130] ct_type:0 pic_struct:0
[NULL @ 0x14a805ca0] ct_type:0 pic_struct:0
[h264 @ 0x12963a540] nal_unit_type: 9(AUD), nal_ref_idc: 0
[h264 @ 0x12963a540] nal_unit_type: 6(SEI), nal_ref_idc: 0
[h264 @ 0x12963a540] nal_unit_type: 1(Coded slice of a non-IDR picture), nal_ref_idc: 1
[h264 @ 0x12963a540] ct_type:0 pic_struct:0
[NULL @ 0x14a805ca0] ct_type:0 pic_struct:0
[NULL @ 0x14a805ca0] ct_type:0 pic_struct:0
[h264 @ 0x129643950] nal_unit_type: 9(AUD), nal_ref_idc: 0
[h264 @ 0x129643950] nal_unit_type: 7(SPS), nal_ref_idc: 1
[h264 @ 0x129643950] nal_unit_type: 8(PPS), nal_ref_idc: 1
[h264 @ 0x129643950] nal_unit_type: 6(SEI), nal_ref_idc: 0
[h264 @ 0x129643950] nal_unit_type: 6(SEI), nal_ref_idc: 0
[h264 @ 0x129643950] nal_unit_type: 5(IDR), nal_ref_idc: 1
[h264 @ 0x129643950] ct_type:0 pic_struct:0
[NULL @ 0x14a805ca0] ct_type:0 pic_struct:0
[h264 @ 0x12964cd60] nal_unit_type: 9(AUD), nal_ref_idc: 0
[h264 @ 0x12964cd60] nal_unit_type: 6(SEI), nal_ref_idc: 0
[h264 @ 0x12964cd60] nal_unit_type: 1(Coded slice of a non-IDR picture), nal_ref_idc: 1
[h264 @ 0x12964cd60] ct_type:0 pic_struct:0
[h264 @ 0x129656170] nal_unit_type: 9(AUD), nal_ref_idc: 0
[h264 @ 0x129656170] nal_unit_type: 6(SEI), nal_ref_idc: 0
[h264 @ 0x129656170] nal_unit_type: 1(Coded slice of a non-IDR picture), nal_ref_idc: 0
[h264 @ 0x129656170] ct_type:0 pic_struct:0
[NULL @ 0x14a805ca0] ct_type:0 pic_struct:0
[h264 @ 0x12965f580] nal_unit_type: 9(AUD), nal_ref_idc: 0
[h264 @ 0x12965f580] nal_unit_type: 6(SEI), nal_ref_idc: 0
[h264 @ 0x12965f580] nal_unit_type: 1(Coded slice of a non-IDR picture), nal_ref_idc: 0
[h264 @ 0x12965f580] ct_type:0 pic_struct:0
[NULL @ 0x14a805ca0] ct_type:0 pic_struct:0
[NULL @ 0x14a805ca0] ct_type:0 pic_struct:0
[h264 @ 0x129668990] nal_unit_type: 9(AUD), nal_ref_idc: 0
[h264 @ 0x129668990] nal_unit_type: 6(SEI), nal_ref_idc: 0
[h264 @ 0x129668990] nal_unit_type: 1(Coded slice of a non-IDR picture), nal_ref_idc: 1
[h264 @ 0x129668990] ct_type:0 pic_struct:0
[h264 @ 0x12960c0f0] nal_unit_type: 9(AUD), nal_ref_idc: 0
[h264 @ 0x12960c0f0] nal_unit_type: 6(SEI), nal_ref_idc: 0
[h264 @ 0x12960c0f0] nal_unit_type: 1(Coded slice of a non-IDR picture), nal_ref_idc: 0
[h264 @ 0x12960c0f0] ct_type:0 pic_struct:0
[NULL @ 0x14a805ca0] ct_type:0 pic_struct:0
[NULL @ 0x14a805ca0] ct_type:0 pic_struct:0
[h264 @ 0x129615500] nal_unit_type: 9(AUD), nal_ref_idc: 0
[h264 @ 0x129615500] nal_unit_type: 6(SEI), nal_ref_idc: 0
[h264 @ 0x129615500] nal_unit_type: 1(Coded slice of a non-IDR picture), nal_ref_idc: 0
[h264 @ 0x129615500] ct_type:0 pic_struct:0
[h264 @ 0x12961e910] nal_unit_type: 9(AUD), nal_ref_idc: 0
[h264 @ 0x12961e910] nal_unit_type: 6(SEI), nal_ref_idc: 0
[h264 @ 0x12961e910] nal_unit_type: 1(Coded slice of a non-IDR picture), nal_ref_idc: 1
[h264 @ 0x12961e910] ct_type:0 pic_struct:0
[NULL @ 0x14a805ca0] ct_type:0 pic_struct:0
[NULL @ 0x14a805ca0] ct_type:0 pic_struct:0
[h264 @ 0x129627d20] nal_unit_type: 9(AUD), nal_ref_idc: 0
[h264 @ 0x129627d20] nal_unit_type: 6(SEI), nal_ref_idc: 0
[h264 @ 0x129627d20] nal_unit_type: 1(Coded slice of a non-IDR picture), nal_ref_idc: 0
[h264 @ 0x129627d20] ct_type:0 pic_struct:0
[h264 @ 0x129631130] nal_unit_type: 9(AUD), nal_ref_idc: 0
[h264 @ 0x129631130] nal_unit_type: 6(SEI), nal_ref_idc: 0
[h264 @ 0x129631130] nal_unit_type: 1(Coded slice of a non-IDR picture), nal_ref_idc: 0
[h264 @ 0x129631130] ct_type:0 pic_struct:0
[NULL @ 0x14a805ca0] ct_type:0 pic_struct:0
[h264 @ 0x12963a540] nal_unit_type: 9(AUD), nal_ref_idc: 0
[h264 @ 0x12963a540] nal_unit_type: 6(SEI), nal_ref_idc: 0
[h264 @ 0x12963a540] nal_unit_type: 1(Coded slice of a non-IDR picture), nal_ref_idc: 1
[h264 @ 0x12963a540] ct_type:0 pic_struct:0
[NULL @ 0x14a805ca0] ct_type:0 pic_struct:0
[NULL @ 0x14a805ca0] ct_type:0 pic_struct:0
[h264 @ 0x129643950] nal_unit_type: 9(AUD), nal_ref_idc: 0
[h264 @ 0x129643950] nal_unit_type: 6(SEI), nal_ref_idc: 0
[h264 @ 0x129643950] nal_unit_type: 1(Coded slice of a non-IDR picture), nal_ref_idc: 0
[h264 @ 0x129643950] ct_type:0 pic_struct:0
[h264 @ 0x12964cd60] nal_unit_type: 9(AUD), nal_ref_idc: 0
[h264 @ 0x12964cd60] nal_unit_type: 6(SEI), nal_ref_idc: 0
[h264 @ 0x12964cd60] nal_unit_type: 1(Coded slice of a non-IDR picture), nal_ref_idc: 0
[h264 @ 0x12964cd60] ct_type:0 pic_struct:0
[NULL @ 0x14a805ca0] ct_type:0 pic_struct:0
[NULL @ 0x14a805ca0] ct_type:0 pic_struct:0
[h264 @ 0x129656170] nal_unit_type: 9(AUD), nal_ref_idc: 0
[h264 @ 0x129656170] nal_unit_type: 6(SEI), nal_ref_idc: 0
[h264 @ 0x129656170] nal_unit_type: 1(Coded slice of a non-IDR picture), nal_ref_idc: 1
[h264 @ 0x129656170] ct_type:0 pic_struct:0
[h264 @ 0x12965f580] nal_unit_type: 9(AUD), nal_ref_idc: 0
[h264 @ 0x12965f580] nal_unit_type: 6(SEI), nal_ref_idc: 0
[h264 @ 0x12965f580] nal_unit_type: 1(Coded slice of a non-IDR picture), nal_ref_idc: 0
[h264 @ 0x12965f580] ct_type:0 pic_struct:0
[NULL @ 0x14a805ca0] ct_type:0 pic_struct:0
[NULL @ 0x14a805ca0] ct_type:0 pic_struct:0
[h264 @ 0x129668990] nal_unit_type: 9(AUD), nal_ref_idc: 0
[h264 @ 0x129668990] nal_unit_type: 6(SEI), nal_ref_idc: 0
[h264 @ 0x129668990] nal_unit_type: 1(Coded slice of a non-IDR picture), nal_ref_idc: 0
[h264 @ 0x129668990] ct_type:0 pic_struct:0
[NULL @ 0x14a805ca0] ct_type:0 pic_struct:0
[h264 @ 0x12960c0f0] nal_unit_type: 9(AUD), nal_ref_idc: 0
[h264 @ 0x12960c0f0] nal_unit_type: 6(SEI), nal_ref_idc: 0
[h264 @ 0x12960c0f0] nal_unit_type: 1(Coded slice of a non-IDR picture), nal_ref_idc: 1
[h264 @ 0x12960c0f0] ct_type:0 pic_struct:0
[h264 @ 0x129615500] nal_unit_type: 9(AUD), nal_ref_idc: 0
[h264 @ 0x129615500] nal_unit_type: 6(SEI), nal_ref_idc: 0
[h264 @ 0x129615500] nal_unit_type: 1(Coded slice of a non-IDR picture), nal_ref_idc: 0
[h264 @ 0x129615500] ct_type:0 pic_struct:0
[NULL @ 0x14a805ca0] ct_type:0 pic_struct:0
[h264 @ 0x12961e910] nal_unit_type: 9(AUD), nal_ref_idc: 0
[NULL @ 0x14a805ca0] ct_type:0 pic_struct:0
[h264 @ 0x12961e910] nal_unit_type: 6(SEI), nal_ref_idc: 0
[h264 @ 0x12961e910] nal_unit_type: 1(Coded slice of a non-IDR picture), nal_ref_idc: 0
[h264 @ 0x12961e910] ct_type:0 pic_struct:0
[h264 @ 0x129627d20] nal_unit_type: 9(AUD), nal_ref_idc: 0
[h264 @ 0x129627d20] nal_unit_type: 6(SEI), nal_ref_idc: 0
[h264 @ 0x129627d20] nal_unit_type: 1(Coded slice of a non-IDR picture), nal_ref_idc: 1
[h264 @ 0x129627d20] ct_type:0 pic_struct:0
[NULL @ 0x14a805ca0] ct_type:0 pic_struct:0
[h264 @ 0x129631130] nal_unit_type: 9(AUD), nal_ref_idc: 0
[h264 @ 0x129631130] nal_unit_type: 6(SEI), nal_ref_idc: 0
[h264 @ 0x129631130] nal_unit_type: 1(Coded slice of a non-IDR picture), nal_ref_idc: 0
[h264 @ 0x129631130] ct_type:0 pic_struct:0
[NULL @ 0x14a805ca0] ct_type:0 pic_struct:0
[h264 @ 0x12963a540] nal_unit_type: 9(AUD), nal_ref_idc: 0
[h264 @ 0x12963a540] nal_unit_type: 6(SEI), nal_ref_idc: 0
[h264 @ 0x12963a540] nal_unit_type: 1(Coded slice of a non-IDR picture), nal_ref_idc: 0
[h264 @ 0x12963a540] ct_type:0 pic_struct:0
[NULL @ 0x14a805ca0] ct_type:0 pic_struct:0
[NULL @ 0x14a805ca0] ct_type:0 pic_struct:0
[h264 @ 0x129643950] nal_unit_type: 9(AUD), nal_ref_idc: 0
[h264 @ 0x129643950] nal_unit_type: 6(SEI), nal_ref_idc: 0
[h264 @ 0x129643950] nal_unit_type: 1(Coded slice of a non-IDR picture), nal_ref_idc: 1
[h264 @ 0x129643950] ct_type:0 pic_struct:0
[h264 @ 0x12964cd60] nal_unit_type: 9(AUD), nal_ref_idc: 0
[h264 @ 0x12964cd60] nal_unit_type: 6(SEI), nal_ref_idc: 0
[h264 @ 0x12964cd60] nal_unit_type: 1(Coded slice of a non-IDR picture), nal_ref_idc: 0
[h264 @ 0x12964cd60] ct_type:0 pic_struct:0
[NULL @ 0x14a805ca0] ct_type:0 pic_struct:0
[h264 @ 0x129656170] nal_unit_type: 9(AUD), nal_ref_idc: 0
[h264 @ 0x129656170] nal_unit_type: 6(SEI), nal_ref_idc: 0
[h264 @ 0x129656170] nal_unit_type: 1(Coded slice of a non-IDR picture), nal_ref_idc: 0
[h264 @ 0x129656170] ct_type:0 pic_struct:0
[NULL @ 0x14a805ca0] ct_type:0 pic_struct:0
[NULL @ 0x14a805ca0] ct_type:0 pic_struct:0
[h264 @ 0x12965f580] nal_unit_type: 9(AUD), nal_ref_idc: 0
[h264 @ 0x12965f580] nal_unit_type: 6(SEI), nal_ref_idc: 0
[h264 @ 0x12965f580] nal_unit_type: 1(Coded slice of a non-IDR picture), nal_ref_idc: 1
[h264 @ 0x12965f580] ct_type:0 pic_struct:0
[h264 @ 0x129668990] nal_unit_type: 9(AUD), nal_ref_idc: 0
[h264 @ 0x129668990] nal_unit_type: 6(SEI), nal_ref_idc: 0
[h264 @ 0x129668990] nal_unit_type: 1(Coded slice of a non-IDR picture), nal_ref_idc: 0
[h264 @ 0x129668990] ct_type:0 pic_struct:0
[NULL @ 0x14a805ca0] ct_type:0 pic_struct:0
[NULL @ 0x14a805ca0] ct_type:0 pic_struct:0
[h264 @ 0x12960c0f0] nal_unit_type: 9(AUD), nal_ref_idc: 0
[h264 @ 0x12960c0f0] nal_unit_type: 6(SEI), nal_ref_idc: 0
[h264 @ 0x12960c0f0] nal_unit_type: 1(Coded slice of a non-IDR picture), nal_ref_idc: 0
[h264 @ 0x12960c0f0] ct_type:0 pic_struct:0
[h264 @ 0x129615500] nal_unit_type: 9(AUD), nal_ref_idc: 0
[h264 @ 0x129615500] nal_unit_type: 6(SEI), nal_ref_idc: 0
[h264 @ 0x129615500] nal_unit_type: 1(Coded slice of a non-IDR picture), nal_ref_idc: 1
[h264 @ 0x129615500] ct_type:0 pic_struct:0
[NULL @ 0x14a805ca0] ct_type:0 pic_struct:0
[h264 @ 0x12961e910] nal_unit_type: 9(AUD), nal_ref_idc: 0
[h264 @ 0x12961e910] nal_unit_type: 6(SEI), nal_ref_idc: 0
[h264 @ 0x12961e910] nal_unit_type: 1(Coded slice of a non-IDR picture), nal_ref_idc: 0
[h264 @ 0x12961e910] ct_type:0 pic_struct:0
[NULL @ 0x14a805ca0] ct_type:0 pic_struct:0
[h264 @ 0x129627d20] nal_unit_type: 9(AUD), nal_ref_idc: 0
[h264 @ 0x129627d20] nal_unit_type: 6(SEI), nal_ref_idc: 0
[h264 @ 0x129627d20] nal_unit_type: 1(Coded slice of a non-IDR picture), nal_ref_idc: 0
[h264 @ 0x129627d20] ct_type:0 pic_struct:0
[NULL @ 0x14a805ca0] ct_type:0 pic_struct:0
[h264 @ 0x129631130] nal_unit_type: 9(AUD), nal_ref_idc: 0
[h264 @ 0x129631130] nal_unit_type: 6(SEI), nal_ref_idc: 0
[h264 @ 0x129631130] nal_unit_type: 1(Coded slice of a non-IDR picture), nal_ref_idc: 1
[h264 @ 0x129631130] ct_type:0 pic_struct:0
[NULL @ 0x14a805ca0] ct_type:0 pic_struct:0
[NULL @ 0x14a805ca0] ct_type:0 pic_struct:0
[h264 @ 0x12963a540] nal_unit_type: 9(AUD), nal_ref_idc: 0
[h264 @ 0x12963a540] nal_unit_type: 6(SEI), nal_ref_idc: 0
[h264 @ 0x12963a540] nal_unit_type: 1(Coded slice of a non-IDR picture), nal_ref_idc: 0
[h264 @ 0x12963a540] ct_type:0 pic_struct:0
[h264 @ 0x129643950] nal_unit_type: 9(AUD), nal_ref_idc: 0
[h264 @ 0x129643950] nal_unit_type: 6(SEI), nal_ref_idc: 0
[h264 @ 0x129643950] nal_unit_type: 1(Coded slice of a non-IDR picture), nal_ref_idc: 0
[NULL @ 0x14a805ca0] ct_type:0 pic_struct:0
[h264 @ 0x129643950] ct_type:0 pic_struct:0
[NULL @ 0x14a805ca0] ct_type:0 pic_struct:0
[h264 @ 0x12964cd60] nal_unit_type: 9(AUD), nal_ref_idc: 0
[h264 @ 0x12964cd60] nal_unit_type: 6(SEI), nal_ref_idc: 0
[h264 @ 0x12964cd60] nal_unit_type: 1(Coded slice of a non-IDR picture), nal_ref_idc: 1
[h264 @ 0x12964cd60] ct_type:0 pic_struct:0
[h264 @ 0x129656170] nal_unit_type: 9(AUD), nal_ref_idc: 0
[h264 @ 0x129656170] nal_unit_type: 6(SEI), nal_ref_idc: 0
[h264 @ 0x129656170] nal_unit_type: 1(Coded slice of a non-IDR picture), nal_ref_idc: 0
[h264 @ 0x129656170] ct_type:0 pic_struct:0
[NULL @ 0x14a805ca0] ct_type:0 pic_struct:0
[h264 @ 0x12965f580] nal_unit_type: 9(AUD), nal_ref_idc: 0
[h264 @ 0x12965f580] nal_unit_type: 6(SEI), nal_ref_idc: 0
[h264 @ 0x12965f580] nal_unit_type: 1(Coded slice of a non-IDR picture), nal_ref_idc: 0
[h264 @ 0x12965f580] ct_type:0 pic_struct:0
[NULL @ 0x14a805ca0] ct_type:0 pic_struct:0
[h264 @ 0x129668990] nal_unit_type: 9(AUD), nal_ref_idc: 0
[h264 @ 0x129668990] nal_unit_type: 6(SEI), nal_ref_idc: 0
[h264 @ 0x129668990] nal_unit_type: 1(Coded slice of a non-IDR picture), nal_ref_idc: 1
[h264 @ 0x129668990] ct_type:0 pic_struct:0
[NULL @ 0x14a805ca0] ct_type:0 pic_struct:0
[h264 @ 0x12960c0f0] nal_unit_type: 9(AUD), nal_ref_idc: 0
[h264 @ 0x12960c0f0] nal_unit_type: 6(SEI), nal_ref_idc: 0
[h264 @ 0x12960c0f0] nal_unit_type: 1(Coded slice of a non-IDR picture), nal_ref_idc: 0
[h264 @ 0x12960c0f0] ct_type:0 pic_struct:0
[NULL @ 0x14a805ca0] ct_type:0 pic_struct:0
[NULL @ 0x14a805ca0] ct_type:0 pic_struct:0
[h264 @ 0x129615500] nal_unit_type: 9(AUD), nal_ref_idc: 0
[h264 @ 0x129615500] nal_unit_type: 6(SEI), nal_ref_idc: 0
[h264 @ 0x129615500] nal_unit_type: 1(Coded slice of a non-IDR picture), nal_ref_idc: 0
[h264 @ 0x129615500] ct_type:0 pic_struct:0
[h264 @ 0x12961e910] nal_unit_type: 9(AUD), nal_ref_idc: 0
[h264 @ 0x12961e910] nal_unit_type: 6(SEI), nal_ref_idc: 0
[h264 @ 0x12961e910] nal_unit_type: 1(Coded slice of a non-IDR picture), nal_ref_idc: 1
[h264 @ 0x12961e910] ct_type:0 pic_struct:0
[NULL @ 0x14a805ca0] ct_type:0 pic_struct:0
[NULL @ 0x14a805ca0] ct_type:0 pic_struct:0
[h264 @ 0x129627d20] nal_unit_type: 9(AUD), nal_ref_idc: 0
[h264 @ 0x129627d20] nal_unit_type: 6(SEI), nal_ref_idc: 0
[h264 @ 0x129627d20] nal_unit_type: 1(Coded slice of a non-IDR picture), nal_ref_idc: 0
[h264 @ 0x129627d20] ct_type:0 pic_struct:0
[h264 @ 0x129631130] nal_unit_type: 9(AUD), nal_ref_idc: 0
[h264 @ 0x129631130] nal_unit_type: 6(SEI), nal_ref_idc: 0
[h264 @ 0x129631130] nal_unit_type: 1(Coded slice of a non-IDR picture), nal_ref_idc: 0
[h264 @ 0x129631130] ct_type:0 pic_struct:0
[NULL @ 0x14a805ca0] ct_type:0 pic_struct:0
[NULL @ 0x14a805ca0] ct_type:0 pic_struct:0
[h264 @ 0x12963a540] nal_unit_type: 9(AUD), nal_ref_idc: 0
[h264 @ 0x12963a540] nal_unit_type: 6(SEI), nal_ref_idc: 0
[h264 @ 0x12963a540] nal_unit_type: 1(Coded slice of a non-IDR picture), nal_ref_idc: 1
[h264 @ 0x12963a540] ct_type:0 pic_struct:0
[h264 @ 0x129643950] nal_unit_type: 9(AUD), nal_ref_idc: 0
[h264 @ 0x129643950] nal_unit_type: 6(SEI), nal_ref_idc: 0
[h264 @ 0x129643950] nal_unit_type: 1(Coded slice of a non-IDR picture), nal_ref_idc: 0
[h264 @ 0x129643950] ct_type:0 pic_struct:0
[NULL @ 0x14a805ca0] ct_type:0 pic_struct:0
[h264 @ 0x12964cd60] nal_unit_type: 9(AUD), nal_ref_idc: 0
[h264 @ 0x12964cd60] nal_unit_type: 6(SEI), nal_ref_idc: 0
[h264 @ 0x12964cd60] nal_unit_type: 1(Coded slice of a non-IDR picture), nal_ref_idc: 0
[h264 @ 0x12964cd60] ct_type:0 pic_struct:0
[NULL @ 0x14a805ca0] ct_type:0 pic_struct:0
[NULL @ 0x14a805ca0] ct_type:0 pic_struct:0
[h264 @ 0x129656170] nal_unit_type: 9(AUD), nal_ref_idc: 0
[h264 @ 0x129656170] nal_unit_type: 6(SEI), nal_ref_idc: 0
[h264 @ 0x129656170] nal_unit_type: 1(Coded slice of a non-IDR picture), nal_ref_idc: 1
[h264 @ 0x129656170] ct_type:0 pic_struct:0
[h264 @ 0x12965f580] nal_unit_type: 9(AUD), nal_ref_idc: 0
[h264 @ 0x12965f580] nal_unit_type: 6(SEI), nal_ref_idc: 0
[h264 @ 0x12965f580] nal_unit_type: 1(Coded slice of a non-IDR picture), nal_ref_idc: 0
[h264 @ 0x12965f580] ct_type:0 pic_struct:0
[NULL @ 0x14a805ca0] ct_type:0 pic_struct:0
[h264 @ 0x129668990] nal_unit_type: 9(AUD), nal_ref_idc: 0
[h264 @ 0x129668990] nal_unit_type: 6(SEI), nal_ref_idc: 0
[h264 @ 0x129668990] nal_unit_type: 1(Coded slice of a non-IDR picture), nal_ref_idc: 0
[h264 @ 0x129668990] ct_type:0 pic_struct:0
[NULL @ 0x14a805ca0] ct_type:0 pic_struct:0
[h264 @ 0x12960c0f0] nal_unit_type: 9(AUD), nal_ref_idc: 0
[h264 @ 0x12960c0f0] nal_unit_type: 6(SEI), nal_ref_idc: 0
[h264 @ 0x12960c0f0] nal_unit_type: 1(Coded slice of a non-IDR picture), nal_ref_idc: 1
[h264 @ 0x12960c0f0] ct_type:0 pic_struct:0
[NULL @ 0x14a805ca0] ct_type:0 pic_struct:0
[NULL @ 0x14a805ca0] ct_type:0 pic_struct:0
[h264 @ 0x129615500] nal_unit_type: 9(AUD), nal_ref_idc: 0
[h264 @ 0x129615500] nal_unit_type: 7(SPS), nal_ref_idc: 1
[h264 @ 0x129615500] nal_unit_type: 8(PPS), nal_ref_idc: 1
[h264 @ 0x129615500] nal_unit_type: 6(SEI), nal_ref_idc: 0
[h264 @ 0x129615500] nal_unit_type: 6(SEI), nal_ref_idc: 0
[h264 @ 0x129615500] nal_unit_type: 5(IDR), nal_ref_idc: 1
[h264 @ 0x129615500] ct_type:0 pic_struct:0
[NULL @ 0x14a805ca0] ct_type:0 pic_struct:0
[h264 @ 0x12961e910] nal_unit_type: 9(AUD), nal_ref_idc: 0
[h264 @ 0x12961e910] nal_unit_type: 6(SEI), nal_ref_idc: 0
[h264 @ 0x12961e910] nal_unit_type: 1(Coded slice of a non-IDR picture), nal_ref_idc: 1
[h264 @ 0x12961e910] ct_type:0 pic_struct:0
[h264 @ 0x129627d20] nal_unit_type: 9(AUD), nal_ref_idc: 0
[h264 @ 0x129627d20] nal_unit_type: 6(SEI), nal_ref_idc: 0
[h264 @ 0x129627d20] nal_unit_type: 1(Coded slice of a non-IDR picture), nal_ref_idc: 0
[NULL @ 0x14a805ca0] ct_type:0 pic_struct:0
[h264 @ 0x129627d20] ct_type:0 pic_struct:0
[h264 @ 0x129631130] nal_unit_type: 9(AUD), nal_ref_idc: 0
[h264 @ 0x129631130] nal_unit_type: 6(SEI), nal_ref_idc: 0
[h264 @ 0x129631130] nal_unit_type: 1(Coded slice of a non-IDR picture), nal_ref_idc: 0
[h264 @ 0x129631130] ct_type:0 pic_struct:0
[NULL @ 0x14a805ca0] ct_type:0 pic_struct:0
[h264 @ 0x12963a540] nal_unit_type: 9(AUD), nal_ref_idc: 0
[h264 @ 0x12963a540] nal_unit_type: 6(SEI), nal_ref_idc: 0
[h264 @ 0x12963a540] nal_unit_type: 1(Coded slice of a non-IDR picture), nal_ref_idc: 1
[h264 @ 0x12963a540] ct_type:0 pic_struct:0
[NULL @ 0x14a805ca0] ct_type:0 pic_struct:0
[NULL @ 0x14a805ca0] ct_type:0 pic_struct:0
[h264 @ 0x129643950] nal_unit_type: 9(AUD), nal_ref_idc: 0
[h264 @ 0x129643950] nal_unit_type: 6(SEI), nal_ref_idc: 0
[h264 @ 0x129643950] nal_unit_type: 1(Coded slice of a non-IDR picture), nal_ref_idc: 0
[h264 @ 0x129643950] ct_type:0 pic_struct:0
[h264 @ 0x12964cd60] nal_unit_type: 9(AUD), nal_ref_idc: 0
[h264 @ 0x12964cd60] nal_unit_type: 6(SEI), nal_ref_idc: 0
[h264 @ 0x12964cd60] nal_unit_type: 1(Coded slice of a non-IDR picture), nal_ref_idc: 0
[h264 @ 0x12964cd60] ct_type:0 pic_struct:0
[NULL @ 0x14a805ca0] ct_type:0 pic_struct:0
[h264 @ 0x129656170] nal_unit_type: 9(AUD), nal_ref_idc: 0
[h264 @ 0x129656170] nal_unit_type: 6(SEI), nal_ref_idc: 0
[h264 @ 0x129656170] nal_unit_type: 1(Coded slice of a non-IDR picture), nal_ref_idc: 1
[NULL @ 0x14a805ca0] ct_type:0 pic_struct:0
[h264 @ 0x129656170] ct_type:0 pic_struct:0
[h264 @ 0x12965f580] nal_unit_type: 9(AUD), nal_ref_idc: 0
[h264 @ 0x12965f580] nal_unit_type: 6(SEI), nal_ref_idc: 0
[NULL @ 0x14a805ca0] ct_type:0 pic_struct:0
[h264 @ 0x12965f580] nal_unit_type: 1(Coded slice of a non-IDR picture), nal_ref_idc: 0
[h264 @ 0x12965f580] ct_type:0 pic_struct:0
[h264 @ 0x129668990] nal_unit_type: 9(AUD), nal_ref_idc: 0
[h264 @ 0x129668990] nal_unit_type: 6(SEI), nal_ref_idc: 0
[h264 @ 0x129668990] nal_unit_type: 1(Coded slice of a non-IDR picture), nal_ref_idc: 0
[h264 @ 0x129668990] ct_type:0 pic_struct:0
[NULL @ 0x14a805ca0] ct_type:0 pic_struct:0
[NULL @ 0x14a805ca0] ct_type:0 pic_struct:0
[h264 @ 0x12960c0f0] nal_unit_type: 9(AUD), nal_ref_idc: 0
[h264 @ 0x12960c0f0] nal_unit_type: 6(SEI), nal_ref_idc: 0
[h264 @ 0x12960c0f0] nal_unit_type: 1(Coded slice of a non-IDR picture), nal_ref_idc: 1
[h264 @ 0x12960c0f0] ct_type:0 pic_struct:0
[h264 @ 0x129615500] nal_unit_type: 9(AUD), nal_ref_idc: 0
[h264 @ 0x129615500] nal_unit_type: 6(SEI), nal_ref_idc: 0
[h264 @ 0x129615500] nal_unit_type: 1(Coded slice of a non-IDR picture), nal_ref_idc: 0
[h264 @ 0x129615500] ct_type:0 pic_struct:0
[NULL @ 0x14a805ca0] ct_type:0 pic_struct:0
[NULL @ 0x14a805ca0] ct_type:0 pic_struct:0
[h264 @ 0x12961e910] nal_unit_type: 9(AUD), nal_ref_idc: 0
[h264 @ 0x12961e910] nal_unit_type: 6(SEI), nal_ref_idc: 0
[h264 @ 0x12961e910] nal_unit_type: 1(Coded slice of a non-IDR picture), nal_ref_idc: 0
[h264 @ 0x12961e910] ct_type:0 pic_struct:0
[h264 @ 0x129627d20] nal_unit_type: 9(AUD), nal_ref_idc: 0
[h264 @ 0x129627d20] nal_unit_type: 6(SEI), nal_ref_idc: 0
[NULL @ 0x14a805ca0] ct_type:0 pic_struct:0
[h264 @ 0x129627d20] nal_unit_type: 1(Coded slice of a non-IDR picture), nal_ref_idc: 1
[h264 @ 0x129627d20] ct_type:0 pic_struct:0
[h264 @ 0x129631130] nal_unit_type: 9(AUD), nal_ref_idc: 0
[h264 @ 0x129631130] nal_unit_type: 6(SEI), nal_ref_idc: 0
[h264 @ 0x129631130] nal_unit_type: 1(Coded slice of a non-IDR picture), nal_ref_idc: 0
[h264 @ 0x129631130] ct_type:0 pic_struct:0
[NULL @ 0x14a805ca0] ct_type:0 pic_struct:0
[h264 @ 0x12963a540] nal_unit_type: 9(AUD), nal_ref_idc: 0
[h264 @ 0x12963a540] nal_unit_type: 6(SEI), nal_ref_idc: 0
[h264 @ 0x12963a540] nal_unit_type: 1(Coded slice of a non-IDR picture), nal_ref_idc: 0
[h264 @ 0x12963a540] ct_type:0 pic_struct:0
[NULL @ 0x14a805ca0] ct_type:0 pic_struct:0
[h264 @ 0x129643950] nal_unit_type: 9(AUD), nal_ref_idc: 0
[h264 @ 0x129643950] nal_unit_type: 6(SEI), nal_ref_idc: 0
[NULL @ 0x14a805ca0] ct_type:0 pic_struct:0
[h264 @ 0x129643950] nal_unit_type: 1(Coded slice of a non-IDR picture), nal_ref_idc: 1
[h264 @ 0x129643950] ct_type:0 pic_struct:0
[h264 @ 0x12964cd60] nal_unit_type: 9(AUD), nal_ref_idc: 0
[h264 @ 0x12964cd60] nal_unit_type: 6(SEI), nal_ref_idc: 0
[NULL @ 0x14a805ca0] ct_type:0 pic_struct:0
[h264 @ 0x12964cd60] nal_unit_type: 1(Coded slice of a non-IDR picture), nal_ref_idc: 0
[h264 @ 0x12964cd60] ct_type:0 pic_struct:0
[h264 @ 0x129656170] nal_unit_type: 9(AUD), nal_ref_idc: 0
[h264 @ 0x129656170] nal_unit_type: 6(SEI), nal_ref_idc: 0
[h264 @ 0x129656170] nal_unit_type: 1(Coded slice of a non-IDR picture), nal_ref_idc: 0
[h264 @ 0x129656170] ct_type:0 pic_struct:0
[NULL @ 0x14a805ca0] ct_type:0 pic_struct:0
[NULL @ 0x14a805ca0] ct_type:0 pic_struct:0
[h264 @ 0x12965f580] nal_unit_type: 9(AUD), nal_ref_idc: 0
[h264 @ 0x12965f580] nal_unit_type: 6(SEI), nal_ref_idc: 0
[h264 @ 0x12965f580] nal_unit_type: 1(Coded slice of a non-IDR picture), nal_ref_idc: 1
[h264 @ 0x12965f580] ct_type:0 pic_struct:0
[h264 @ 0x129668990] nal_unit_type: 9(AUD), nal_ref_idc: 0
[h264 @ 0x129668990] nal_unit_type: 6(SEI), nal_ref_idc: 0
[h264 @ 0x129668990] nal_unit_type: 1(Coded slice of a non-IDR picture), nal_ref_idc: 0
[h264 @ 0x129668990] ct_type:0 pic_struct:0
[NULL @ 0x14a805ca0] ct_type:0 pic_struct:0
[h264 @ 0x12960c0f0] nal_unit_type: 9(AUD), nal_ref_idc: 0
[h264 @ 0x12960c0f0] nal_unit_type: 6(SEI), nal_ref_idc: 0
[h264 @ 0x12960c0f0] nal_unit_type: 1(Coded slice of a non-IDR picture), nal_ref_idc: 0
[h264 @ 0x12960c0f0] ct_type:0 pic_struct:0
[NULL @ 0x14a805ca0] ct_type:0 pic_struct:0
[NULL @ 0x14a805ca0] ct_type:0 pic_struct:0
[h264 @ 0x129615500] nal_unit_type: 9(AUD), nal_ref_idc: 0
[h264 @ 0x129615500] nal_unit_type: 6(SEI), nal_ref_idc: 0
[h264 @ 0x129615500] nal_unit_type: 1(Coded slice of a non-IDR picture), nal_ref_idc: 1
[h264 @ 0x129615500] ct_type:0 pic_struct:0
[h264 @ 0x12961e910] nal_unit_type: 9(AUD), nal_ref_idc: 0
[h264 @ 0x12961e910] nal_unit_type: 6(SEI), nal_ref_idc: 0
[h264 @ 0x12961e910] nal_unit_type: 1(Coded slice of a non-IDR picture), nal_ref_idc: 0
[NULL @ 0x14a805ca0] ct_type:0 pic_struct:0
[h264 @ 0x12961e910] ct_type:0 pic_struct:0
[NULL @ 0x14a805ca0] ct_type:0 pic_struct:0
[h264 @ 0x129627d20] nal_unit_type: 9(AUD), nal_ref_idc: 0
[h264 @ 0x129627d20] nal_unit_type: 6(SEI), nal_ref_idc: 0
[h264 @ 0x129627d20] nal_unit_type: 1(Coded slice of a non-IDR picture), nal_ref_idc: 0
[h264 @ 0x129627d20] ct_type:0 pic_struct:0
[h264 @ 0x129631130] nal_unit_type: 9(AUD), nal_ref_idc: 0
[h264 @ 0x129631130] nal_unit_type: 6(SEI), nal_ref_idc: 0
[h264 @ 0x129631130] nal_unit_type: 1(Coded slice of a non-IDR picture), nal_ref_idc: 1
[h264 @ 0x129631130] ct_type:0 pic_struct:0
[NULL @ 0x14a805ca0] ct_type:0 pic_struct:0
[NULL @ 0x14a805ca0] ct_type:0 pic_struct:0
[h264 @ 0x12963a540] nal_unit_type: 9(AUD), nal_ref_idc: 0
[h264 @ 0x12963a540] nal_unit_type: 6(SEI), nal_ref_idc: 0
[h264 @ 0x12963a540] nal_unit_type: 1(Coded slice of a non-IDR picture), nal_ref_idc: 0
[h264 @ 0x12963a540] ct_type:0 pic_struct:0
[h264 @ 0x129643950] nal_unit_type: 9(AUD), nal_ref_idc: 0
[h264 @ 0x129643950] nal_unit_type: 6(SEI), nal_ref_idc: 0
[h264 @ 0x129643950] nal_unit_type: 1(Coded slice of a non-IDR picture), nal_ref_idc: 0
[h264 @ 0x129643950] ct_type:0 pic_struct:0
[NULL @ 0x14a805ca0] ct_type:0 pic_struct:0
[h264 @ 0x12964cd60] nal_unit_type: 9(AUD), nal_ref_idc: 0
[h264 @ 0x12964cd60] nal_unit_type: 6(SEI), nal_ref_idc: 0
[h264 @ 0x12964cd60] nal_unit_type: 1(Coded slice of a non-IDR picture), nal_ref_idc: 1
[h264 @ 0x12964cd60] ct_type:0 pic_struct:0
[NULL @ 0x14a805ca0] ct_type:0 pic_struct:0
[h264 @ 0x129656170] nal_unit_type: 9(AUD), nal_ref_idc: 0
[h264 @ 0x129656170] nal_unit_type: 6(SEI), nal_ref_idc: 0
[h264 @ 0x129656170] nal_unit_type: 1(Coded slice of a non-IDR picture), nal_ref_idc: 0
[h264 @ 0x129656170] ct_type:0 pic_struct:0
[NULL @ 0x14a805ca0] ct_type:0 pic_struct:0
[h264 @ 0x12965f580] nal_unit_type: 9(AUD), nal_ref_idc: 0
[h264 @ 0x12965f580] nal_unit_type: 6(SEI), nal_ref_idc: 0
[h264 @ 0x12965f580] nal_unit_type: 1(Coded slice of a non-IDR picture), nal_ref_idc: 0
[h264 @ 0x12965f580] ct_type:0 pic_struct:0
[NULL @ 0x14a805ca0] ct_type:0 pic_struct:0
[NULL @ 0x14a805ca0] ct_type:0 pic_struct:0
[h264 @ 0x129668990] nal_unit_type: 9(AUD), nal_ref_idc: 0
[h264 @ 0x129668990] nal_unit_type: 6(SEI), nal_ref_idc: 0
[h264 @ 0x129668990] nal_unit_type: 1(Coded slice of a non-IDR picture), nal_ref_idc: 1
[h264 @ 0x129668990] ct_type:0 pic_struct:0
[h264 @ 0x12960c0f0] nal_unit_type: 9(AUD), nal_ref_idc: 0
[h264 @ 0x12960c0f0] nal_unit_type: 6(SEI), nal_ref_idc: 0
[h264 @ 0x12960c0f0] nal_unit_type: 1(Coded slice of a non-IDR picture), nal_ref_idc: 0
[h264 @ 0x12960c0f0] ct_type:0 pic_struct:0
[NULL @ 0x14a805ca0] ct_type:0 pic_struct:0
[NULL @ 0x14a805ca0] ct_type:0 pic_struct:0
[h264 @ 0x129615500] nal_unit_type: 9(AUD), nal_ref_idc: 0
[h264 @ 0x129615500] nal_unit_type: 6(SEI), nal_ref_idc: 0
[h264 @ 0x129615500] nal_unit_type: 1(Coded slice of a non-IDR picture), nal_ref_idc: 0
[h264 @ 0x129615500] ct_type:0 pic_struct:0
[h264 @ 0x12961e910] nal_unit_type: 9(AUD), nal_ref_idc: 0
[h264 @ 0x12961e910] nal_unit_type: 6(SEI), nal_ref_idc: 0
[h264 @ 0x12961e910] nal_unit_type: 1(Coded slice of a non-IDR picture), nal_ref_idc: 1
[NULL @ 0x14a805ca0] ct_type:0 pic_struct:0
[h264 @ 0x12961e910] ct_type:0 pic_struct:0
[h264 @ 0x129627d20] nal_unit_type: 9(AUD), nal_ref_idc: 0
[h264 @ 0x129627d20] nal_unit_type: 6(SEI), nal_ref_idc: 0
[h264 @ 0x129627d20] nal_unit_type: 1(Coded slice of a non-IDR picture), nal_ref_idc: 0
[h264 @ 0x129627d20] ct_type:0 pic_struct:0
[NULL @ 0x14a805ca0] ct_type:0 pic_struct:0
[out_0_0 @ 0x6000030dcbb0] EOF on sink link out_0_0:default.
[h264 @ 0x129631130] nal_unit_type: 9(AUD), nal_ref_idc: 0
[h264 @ 0x129631130] nal_unit_type: 6(SEI), nal_ref_idc: 0
[h264 @ 0x129631130] nal_unit_type: 1(Coded slice of a non-IDR picture), nal_ref_idc: 0
[h264 @ 0x129631130] ct_type:0 pic_struct:0
[out_0_1 @ 0x6000030d0790] EOF on sink link out_0_1:default.
No more output streams to write to, finishing.
frame=  125 fps=0.0 q=-0.0 Lsize=N/A time=00:00:05.00 bitrate=N/A speed=  20x    
video:58kB audio:861kB subtitle:0kB other streams:0kB global headers:0kB muxing overhead: unknown
Input file #0 (http://antvlive.ab5c6921.cdnviet.com/antv/playlist.m3u8):
  Input stream #0:0 (data): 0 packets read (0 bytes); 
  Input stream #0:1 (video): 137 packets read (673776 bytes); 127 frames decoded; 
  Input stream #0:2 (audio): 237 packets read (88327 bytes); 237 frames decoded (242688 samples); 
  Total: 374 packets (762103 bytes) demuxed
Output file #0 (pipe:):
  Output stream #0:0 (video): 125 frames encoded; 125 packets muxed (59000 bytes); 
  Output stream #0:1 (audio): 216 frames encoded (220500 samples); 216 packets muxed (882000 bytes); 
  Total: 341 packets (941000 bytes) muxed
364 frames successfully decoded, 0 decoding errors
[AVIOContext @ 0x1497045c0] Statistics: 827604 bytes read, 0 seeks
[AVIOContext @ 0x14a804f30] Statistics: 0 bytes read, 0 seeks
[AVIOContext @ 0x1497041a0] Statistics: 169 bytes read, 0 seeks
[AVIOContext @ 0x149704080] Statistics: 126 bytes read, 0 seeks
