ffmpeg started on 2023-02-28 at 16:08:57
Report written to "ffmpeg-20230228-160857.log"
Log level: 48
Command line:
ffmpeg -i http://www.336699.live:1935/blockfour/4gtv-4gtv076.stream/playlist.m3u8 -t 5 -f null -report -
ffmpeg version 5.1.2 Copyright (c) 2000-2022 the FFmpeg developers
  built with Apple clang version 14.0.0 (clang-1400.0.29.202)
  configuration: --prefix=/opt/homebrew/Cellar/ffmpeg/5.1.2_5 --enable-shared --enable-pthreads --enable-version3 --cc=clang --host-cflags= --host-ldflags= --enable-ffplay --enable-gnutls --enable-gpl --enable-libaom --enable-libaribb24 --enable-libbluray --enable-libdav1d --enable-libmp3lame --enable-libopus --enable-librav1e --enable-librist --enable-librubberband --enable-libsnappy --enable-libsrt --enable-libsvtav1 --enable-libtesseract --enable-libtheora --enable-libvidstab --enable-libvmaf --enable-libvorbis --enable-libvpx --enable-libwebp --enable-libx264 --enable-libx265 --enable-libxml2 --enable-libxvid --enable-lzma --enable-libfontconfig --enable-libfreetype --enable-frei0r --enable-libass --enable-libopencore-amrnb --enable-libopencore-amrwb --enable-libopenjpeg --enable-libspeex --enable-libsoxr --enable-libzmq --enable-libzimg --disable-libjack --disable-indev=jack --enable-videotoolbox --enable-neon
  libavutil      57. 28.100 / 57. 28.100
  libavcodec     59. 37.100 / 59. 37.100
  libavformat    59. 27.100 / 59. 27.100
  libavdevice    59.  7.100 / 59.  7.100
  libavfilter     8. 44.100 /  8. 44.100
  libswscale      6.  7.100 /  6.  7.100
  libswresample   4.  7.100 /  4.  7.100
  libpostproc    56.  6.100 / 56.  6.100
Splitting the commandline.
Reading option '-i' ... matched as input url with argument 'http://www.336699.live:1935/blockfour/4gtv-4gtv076.stream/playlist.m3u8'.
Reading option '-t' ... matched as option 't' (record or transcode "duration" seconds of audio/video) with argument '5'.
Reading option '-f' ... matched as option 'f' (force format) with argument 'null'.
Reading option '-report' ... matched as option 'report' (generate a report) with argument '1'.
Reading option '-' ... matched as output url.
Finished splitting the commandline.
Parsing a group of options: global .
Applying option report (generate a report) with argument 1.
Successfully parsed a group of options.
Parsing a group of options: input url http://www.336699.live:1935/blockfour/4gtv-4gtv076.stream/playlist.m3u8.
Successfully parsed a group of options.
Opening an input file: http://www.336699.live:1935/blockfour/4gtv-4gtv076.stream/playlist.m3u8.
[NULL @ 0x142f04080] Opening 'http://www.336699.live:1935/blockfour/4gtv-4gtv076.stream/playlist.m3u8' for reading
[http @ 0x600000f4c000] Setting default whitelist 'http,https,tls,rtp,tcp,udp,crypto,httpproxy,data'
[tcp @ 0x60000164c000] Original list of addresses:
[tcp @ 0x60000164c000] Address 61.218.32.163 port 1935
[tcp @ 0x60000164c000] Address 61.218.32.165 port 1935
[tcp @ 0x60000164c000] Interleaved list of addresses:
[tcp @ 0x60000164c000] Address 61.218.32.163 port 1935
[tcp @ 0x60000164c000] Address 61.218.32.165 port 1935
[tcp @ 0x60000164c000] Starting connection attempt to 61.218.32.163 port 1935
[tcp @ 0x60000164c000] Successfully connected to 61.218.32.163 port 1935
[http @ 0x600000f4c000] request: GET /blockfour/4gtv-4gtv076.stream/playlist.m3u8 HTTP/1.1
User-Agent: Lavf/59.27.100
Accept: */*
Range: bytes=0-
Connection: close
Host: www.336699.live:1935
Icy-MetaData: 1


[http @ 0x600000f4c000] HTTP error 404 Not Found
http://www.336699.live:1935/blockfour/4gtv-4gtv076.stream/playlist.m3u8: Server returned 404 Not Found
